#
# A fatal error has been detected by the Java Runtime Environment:
#
#  EXCEPTION_ACCESS_VIOLATION (0xc0000005) at pc=0x6da45c40, pid=13088, tid=15304
#
# JRE version: Java(TM) SE Runtime Environment (7.0_45-b18) (build 1.7.0_45-b18)
# Java VM: Java HotSpot(TM) Client VM (24.45-b08 mixed mode windows-x86 )
# Problematic frame:
# V  [jvm.dll+0x35c40]
#
# Failed to write core dump. Minidumps are not enabled by default on client versions of Windows
#
# If you would like to submit a bug report, please visit:
#   http://bugreport.sun.com/bugreport/crash.jsp
#

---------------  T H R E A D  ---------------

Current thread (0x18333000):  JavaThread "JDWP Transport Listener: dt_socket" daemon [_thread_in_vm, id=15304, stack(0x18960000,0x189b0000)]

siginfo: ExceptionCode=0xc0000005, reading address 0x00000008

Registers:
EAX=0x042c3680, EBX=0x18333000, ECX=0x00000000, EDX=0x00000000
ESP=0x189af464, EBP=0x189af468, ESI=0x00000000, EDI=0x7775e15c
EIP=0x6da45c40, EFLAGS=0x00010246

Top of Stack: (sp=0x189af464)
0x189af464:   18333130 189af490 6dad1206 042c3680
0x189af474:   7775e15c 18333130 7775e174 18333000
0x189af484:   00000000 18333130 189af554 7775e99c
0x189af494:   777463b2 18333130 042c3680 00000000
0x189af4a4:   189af4c8 189af554 18382d20 189af504
0x189af4b4:   18306db4 189af4d4 7774bd27 189af4d4
0x189af4c4:   189af508 7775e890 6d195004 77762c68
0x189af4d4:   1837f2a8 0000000b 00000000 00000013 

Instructions: (pc=0x6da45c40)
0x6da45c20:   8b 0d 18 1a d4 6d 85 c9 7e 05 8b 0c 01 eb 02 33
0x6da45c30:   c9 8b 15 1c 1a d4 6d 85 d2 7e 05 8b 04 02 eb 03
0x6da45c40:   8b 46 08 85 c0 75 0f 33 c9 50 51 e8 90 67 15 00
0x6da45c50:   83 c4 08 5e 5d c3 8d 4c 4e 0c 50 51 e8 7f 67 15 


Register to memory mapping:

EAX=
[error occurred during error reporting (printing register info), id 0xc0000005]

Stack: [0x18960000,0x189b0000],  sp=0x189af464,  free space=317k
Native frames: (J=compiled Java code, j=interpreted, Vv=VM code, C=native code)
V  [jvm.dll+0x35c40]
V  [jvm.dll+0xc1206]


---------------  P R O C E S S  ---------------

Java Threads: ( => current thread )
  0x18384400 JavaThread "Thread-0" [_thread_blocked, id=8912, stack(0x19480000,0x194d0000)]
  0x18352400 JavaThread "Service Thread" daemon [_thread_blocked, id=8968, stack(0x192f0000,0x19340000)]
  0x18351c00 JavaThread "C1 CompilerThread0" daemon [_thread_blocked, id=11280, stack(0x19260000,0x192b0000)]
  0x18344400 JavaThread "JDWP Command Reader" daemon [_thread_in_native, id=6172, stack(0x19010000,0x19060000)]
  0x1833ec00 JavaThread "JDWP Event Helper Thread" daemon [_thread_blocked, id=13464, stack(0x190b0000,0x19100000)]
=>0x18333000 JavaThread "JDWP Transport Listener: dt_socket" daemon [_thread_in_vm, id=15304, stack(0x18960000,0x189b0000)]
  0x1832dc00 JavaThread "Attach Listener" daemon [_thread_blocked, id=14672, stack(0x18aa0000,0x18af0000)]
  0x182fe400 JavaThread "Signal Dispatcher" daemon [_thread_blocked, id=8160, stack(0x18810000,0x18860000)]
  0x182fa400 JavaThread "Finalizer" daemon [_thread_blocked, id=14924, stack(0x188b0000,0x18900000)]
  0x182f4400 JavaThread "Reference Handler" daemon [_thread_blocked, id=11028, stack(0x186a0000,0x186f0000)]
  0x0029e800 JavaThread "main" [_thread_in_native, id=8244, stack(0x02100000,0x02150000)]

Other Threads:
  0x182f2000 VMThread [stack: 0x18620000,0x18670000] [id=5788]
  0x1836b800 WatcherThread [stack: 0x19500000,0x19550000] [id=4652]

VM state:not at safepoint (normal execution)

VM Mutex/Monitor currently owned by a thread: None

Heap
 def new generation   total 4928K, used 618K [0x04230000, 0x04780000, 0x09780000)
  eden space 4416K,  14% used [0x04230000, 0x042cab80, 0x04680000)
  from space 512K,   0% used [0x04680000, 0x04680000, 0x04700000)
  to   space 512K,   0% used [0x04700000, 0x04700000, 0x04780000)
 tenured generation   total 10944K, used 0K [0x09780000, 0x0a230000, 0x14230000)
   the space 10944K,   0% used [0x09780000, 0x09780000, 0x09780200, 0x0a230000)
 compacting perm gen  total 12288K, used 1828K [0x14230000, 0x14e30000, 0x18230000)
   the space 12288K,  14% used [0x14230000, 0x143f93d8, 0x143f9400, 0x14e30000)
No shared spaces configured.

Card table byte_map: [0x18230000,0x182e0000] byte_map_base: 0x1820ee80

Polling page: 0x001d0000

Code Cache  [0x02230000, 0x022c8000, 0x04230000)
 total_blobs=127 nmethods=7 adapters=66 free_code_cache=32187Kb largest_free_block=32960128

Compilation events (10 events):
Event: 0.185 Thread 0x18351c00    3             java.lang.String::indexOf (70 bytes)
Event: 0.185 Thread 0x18351c00 nmethod 3 0x022c0188 code [0x022c02a0, 0x022c03ec]
Event: 0.190 Thread 0x18351c00    4             java.lang.String::equals (81 bytes)
Event: 0.190 Thread 0x18351c00 nmethod 4 0x022c0548 code [0x022c0660, 0x022c0800]
Event: 0.191 Thread 0x18351c00    5             java.lang.Object::<init> (1 bytes)
Event: 0.191 Thread 0x18351c00 nmethod 5 0x022c0a48 code [0x022c0b40, 0x022c0bd0]
Event: 0.199 Thread 0x18351c00    6             java.lang.AbstractStringBuilder::ensureCapacityInternal (16 bytes)
Event: 0.199 Thread 0x18351c00 nmethod 6 0x022c0c48 code [0x022c0d50, 0x022c0e0c]
Event: 2.175 Thread 0x18351c00    7             java.lang.String::lastIndexOf (52 bytes)
Event: 2.175 Thread 0x18351c00 nmethod 7 0x022c0e88 code [0x022c0f90, 0x022c10ac]

GC Heap History (0 events):
No events

Deoptimization events (0 events):
No events

Internal exceptions (4 events):
Event: 0.031 Thread 0x0029e800 Threw 0x0423bdc8 at C:\re\jdk7u45\229\hotspot\src\share\vm\prims\jni.cpp:3991
Event: 0.187 Thread 0x0029e800 Threw 0x0427fae8 at C:\re\jdk7u45\229\hotspot\src\share\vm\prims\jvm.cpp:1244
Event: 0.191 Thread 0x0029e800 Threw 0x04284f58 at C:\re\jdk7u45\229\hotspot\src\share\vm\prims\jvm.cpp:1244
Event: 2.175 Thread 0x0029e800 Threw 0x042a2728 at C:\re\jdk7u45\229\hotspot\src\share\vm\prims\jvm.cpp:1244

Events (10 events):
Event: 48.779 Executing VM operation: GetCurrentLocation
Event: 48.779 Executing VM operation: GetCurrentLocation done
Event: 48.779 Executing VM operation: ChangeSingleStep
Event: 48.779 Executing VM operation: ChangeSingleStep done
Event: 48.779 Executing VM operation: ChangeSingleStep
Event: 48.779 Executing VM operation: ChangeSingleStep done
Event: 48.796 Executing VM operation: GetOrSetLocal
Event: 48.796 Executing VM operation: GetOrSetLocal done
Event: 48.802 Executing VM operation: GetOrSetLocal
Event: 48.802 Executing VM operation: GetOrSetLocal done


Dynamic libraries:
0x00c80000 - 0x00caf000 	C:\Program Files\Java\jdk1.7.0_45\bin\javaw.exe
0x77500000 - 0x77680000 	C:\Windows\SysWOW64\ntdll.dll
0x76e60000 - 0x76f70000 	C:\Windows\syswow64\kernel32.dll
0x766e0000 - 0x76727000 	C:\Windows\syswow64\KERNELBASE.dll
0x76db0000 - 0x76e51000 	C:\Windows\syswow64\ADVAPI32.dll
0x77070000 - 0x7711c000 	C:\Windows\syswow64\msvcrt.dll
0x74f30000 - 0x74f49000 	C:\Windows\SysWOW64\sechost.dll
0x765a0000 - 0x76690000 	C:\Windows\syswow64\RPCRT4.dll
0x74db0000 - 0x74e10000 	C:\Windows\syswow64\SspiCli.dll
0x74da0000 - 0x74dac000 	C:\Windows\syswow64\CRYPTBASE.dll
0x76f70000 - 0x77070000 	C:\Windows\syswow64\USER32.dll
0x74e10000 - 0x74ea0000 	C:\Windows\syswow64\GDI32.dll
0x76a90000 - 0x76a9a000 	C:\Windows\syswow64\LPK.dll
0x762c0000 - 0x7635d000 	C:\Windows\syswow64\USP10.dll
0x71f00000 - 0x7209e000 	C:\Windows\WinSxS\x86_microsoft.windows.common-controls_6595b64144ccf1df_6.0.7601.18837_none_41e855142bd5705d\COMCTL32.dll
0x76110000 - 0x76167000 	C:\Windows\syswow64\SHLWAPI.dll
0x76d50000 - 0x76db0000 	C:\Windows\system32\IMM32.DLL
0x769c0000 - 0x76a8d000 	C:\Windows\syswow64\MSCTF.dll
0x77d20000 - 0x77ddf000 	C:\Program Files\Java\jdk1.7.0_45\jre\bin\msvcr100.dll
0x6da10000 - 0x6dd90000 	C:\Program Files\Java\jdk1.7.0_45\jre\bin\client\jvm.dll
0x74c40000 - 0x74c47000 	C:\Windows\system32\WSOCK32.dll
0x75e90000 - 0x75ec5000 	C:\Windows\syswow64\WS2_32.dll
0x76360000 - 0x76366000 	C:\Windows\syswow64\NSI.dll
0x74050000 - 0x74082000 	C:\Windows\system32\WINMM.dll
0x75e80000 - 0x75e85000 	C:\Windows\syswow64\PSAPI.DLL
0x6d0d0000 - 0x6d0dc000 	C:\Program Files\Java\jdk1.7.0_45\jre\bin\verify.dll
0x6c010000 - 0x6c030000 	C:\Program Files\Java\jdk1.7.0_45\jre\bin\java.dll
0x77740000 - 0x7776a000 	C:\Program Files\Java\jdk1.7.0_45\jre\bin\jdwp.dll
0x6d1a0000 - 0x6d1a7000 	C:\Program Files\Java\jdk1.7.0_45\jre\bin\npt.dll
0x6c030000 - 0x6c043000 	C:\Program Files\Java\jdk1.7.0_45\jre\bin\zip.dll
0x6d190000 - 0x6d198000 	C:\Program Files\Java\jdk1.7.0_45\jre\bin\dt_socket.dll
0x74710000 - 0x74720000 	C:\Windows\system32\NLAapi.dll
0x74700000 - 0x74710000 	C:\Windows\system32\napinsp.dll
0x746e0000 - 0x746f2000 	C:\Windows\system32\pnrpnsp.dll
0x746a0000 - 0x746dc000 	C:\Windows\System32\mswsock.dll
0x74650000 - 0x74694000 	C:\Windows\system32\DNSAPI.dll
0x74640000 - 0x74648000 	C:\Windows\System32\winrnr.dll
0x74610000 - 0x74631000 	C:\Program Files (x86)\Bonjour\mdnsNSP.dll
0x745f0000 - 0x7460c000 	C:\Windows\system32\Iphlpapi.DLL
0x745e0000 - 0x745e7000 	C:\Windows\system32\WINNSI.DLL
0x74560000 - 0x74598000 	C:\Windows\System32\fwpuclnt.dll
0x745d0000 - 0x745d6000 	C:\Windows\system32\rasadhlp.dll
0x745c0000 - 0x745c5000 	C:\Windows\System32\wshtcpip.dll
0x54240000 - 0x54254000 	C:\Program Files\Java\jdk1.7.0_45\jre\bin\net.dll
0x745a0000 - 0x745a6000 	C:\Windows\System32\wship6.dll
0x73370000 - 0x7345b000 	C:\Windows\system32\dbghelp.dll

VM Arguments:
jvm_args: -agentlib:jdwp=transport=dt_socket,suspend=y,address=localhost:57617 -Dfile.encoding=Cp1252 
java_command: server
Launcher Type: SUN_STANDARD

Environment Variables:
JAVA_HOME=C:\Program Files\Java\jdk1.7.0_45
CLASSPATH=.;C:\PROGRA~2\IBM\SQLLIB\java\db2java.zip;C:\PROGRA~2\IBM\SQLLIB\java\db2jcc.jar;C:\PROGRA~2\IBM\SQLLIB\java\sqlj.zip;C:\PROGRA~2\IBM\SQLLIB\java\db2jcc_license_cu.jar;C:\PROGRA~2\IBM\SQLLIB\bin;C:\PROGRA~2\IBM\SQLLIB\java\common.jar
USERNAME=AS00440941
OS=Windows_NT
PROCESSOR_IDENTIFIER=Intel64 Family 6 Model 58 Stepping 9, GenuineIntel



---------------  S Y S T E M  ---------------

OS: Windows 7 , 64 bit Build 7601 Service Pack 1

CPU:total 4 (4 cores per cpu, 1 threads per core) family 6 model 58 stepping 9, cmov, cx8, fxsr, mmx, sse, sse2, sse3, ssse3, sse4.1, sse4.2, popcnt, avx, aes, erms, tsc, tscinvbit, tscinv

Memory: 4k page, physical 16648236k(7491824k free), swap 33294596k(23899712k free)

vm_info: Java HotSpot(TM) Client VM (24.45-b08) for windows-x86 JRE (1.7.0_45-b18), built on Oct  8 2013 06:02:43 by "java_re" with unknown MS VC++:1600

time: Mon Feb 12 22:33:45 2018
elapsed time: 49 seconds

